********************************************************************************
PACKAGE-LOG: 2015-08-14 13:24:51
NOTICE: Do NOT post to public sites or forums 
********************************************************************************
VERSION:	0.5.24
WORDPRESS:	4.2.4
PHP INFO:	5.6.11 | SAPI: apache2handler
SERVER:		Apache/2.4.12 (Win32) OpenSSL/1.0.1m PHP/5.6.11 
PHP TIME LIMIT: (0) no time limit imposed 
PHP MAX MEMORY: 5000M (128M default) 
MEMORY STACK: 16MB 

********************************************************************************
DATABASE:
********************************************************************************
BUILD MODE:   PHP (query limit - 100)
MYSQLDUMP:    Is Supported
MYSQLTIMEOUT: 5000 
TABLES: total:12 | filtered:0 | create:12 
FILTERED: [] 
SQL CREATED: 20150814_curriculumrobertovergara_55cdec02cae798791150814132418_database.sql 
SQL FILE SIZE: 973.78KB 
SQL FILE TIME: 2015-08-14 13:24:51 
SQL RUNTIME: 0.54 sec. 

******************************************************************************** 
ARCHIVE (ZIP): 
******************************************************************************** 
ARCHIVE DIR:  C:/xampp/htdocs/robertowordpress 
ARCHIVE FILE: 20150814_curriculumrobertovergara_55cdec02cae798791150814132418_archive.zip 
FILTERS: *OFF* 
DIRS:  not set 
EXTS:  not set 
---------------------------------------- 
COMPRESSING 
SIZE:	42.4MB 
STATS:	Dirs 134 | Files 1,470 
SQL ADDED: 20150814_curriculumrobertovergara_55cdec02cae798791150814132418_database.sql 
ZipArchive Object
(
    [status] => 0
    [statusSys] => 0
    [numFiles] => 1604
    [filename] => C:\xampp\htdocs\robertowordpress\wp-snapshots\tmp\20150814_curriculumrobertovergara_55cdec02cae798791150814132418_archive.zip
    [comment] => 
)
 
COMPRESSION RESULT: '1' 
COMPRESSED SIZE: 28.6MB 
ARCHIVE RUNTIME: 41.88 sec. 
MEMORY STACK: 16.5MB 

******************************************************************************** 
MAKE INSTALLER: 
******************************************************************************** 
Build Start 
Build Finished 
Preping for use 
Template parsed with new data 
Complete [C:/xampp/htdocs/robertowordpress/wp-snapshots/tmp/20150814_curriculumrobertovergara_55cdec02cae798791150814132418_installer.php] 
Added to archive 

******************************************************************************** 
INTEGRITY CHECKS: 
******************************************************************************** 
SQL File: 973.78KB 
Installer File: 317.77KB 
Archive File: 28.6MB  

********************************************************************************
RECORD ID:[1]
TOTAL PROCESS RUNTIME: 43.15 sec.
PEAK PHP MEMORY USED: 19MB
DONE PROCESSING => 20150814_curriculumrobertovergara 2015-08-14 13:25:34
 
